2013-11-12 12:11:48.836+0000: WARNING! You are using an unsupported Java runtime. Please use Oracle(R) Java(TM) Runtime Environment 6.
2013-11-12 12:11:49.019+0000: Creating new db @ /home/ds/rails/dev/graph/db/graph-development/neostore
2013-11-12 12:11:49.230+0000: [/home/ds/rails/dev/graph/db/graph-development/neostore.nodestore.db] brickCount=0 brickSize=450882b mappedMem=45088768b (storeSize=0b)
2013-11-12 12:11:49.271+0000: /home/ds/rails/dev/graph/db/graph-development/neostore.nodestore.db hit=1 miss=0 switches=0 ooe=0
2013-11-12 12:11:49.894+0000: [/home/ds/rails/dev/graph/db/graph-development/neostore.relationshiptypestore.db.names] brickCount=0 brickSize=0b mappedMem=0b (storeSize=38b)
2013-11-12 12:11:49.907+0000: [/home/ds/rails/dev/graph/db/graph-development/neostore.relationshiptypestore.db] brickCount=0 brickSize=0b mappedMem=0b (storeSize=0b)
2013-11-12 12:11:49.912+0000: /home/ds/rails/dev/graph/db/graph-development/neostore.relationshiptypestore.db.names hit=0 miss=0 switches=0 ooe=0
2013-11-12 12:11:49.938+0000: /home/ds/rails/dev/graph/db/graph-development/neostore.relationshiptypestore.db hit=0 miss=0 switches=0 ooe=0
2013-11-12 12:11:50.055+0000: [/home/ds/rails/dev/graph/db/graph-development/neostore.relationshiptypestore.db.names] brickCount=0 brickSize=0b mappedMem=0b (storeSize=38b)
2013-11-12 12:11:50.057+0000: [/home/ds/rails/dev/graph/db/graph-development/neostore.relationshiptypestore.db] brickCount=0 brickSize=0b mappedMem=0b (storeSize=0b)
2013-11-12 12:11:50.058+0000: [/home/ds/rails/dev/graph/db/graph-development/neostore.propertystore.db.strings] brickCount=0 brickSize=140416b mappedMem=140509184b (storeSize=128b)
2013-11-12 12:11:50.076+0000: [/home/ds/rails/dev/graph/db/graph-development/neostore.propertystore.db.index.keys] brickCount=0 brickSize=1026b mappedMem=1048576b (storeSize=38b)
2013-11-12 12:11:50.090+0000: [/home/ds/rails/dev/graph/db/graph-development/neostore.propertystore.db.index] brickCount=0 brickSize=10485b mappedMem=1048576b (storeSize=0b)
2013-11-12 12:11:50.096+0000: [/home/ds/rails/dev/graph/db/graph-development/neostore.propertystore.db.arrays] brickCount=0 brickSize=159360b mappedMem=159383552b (storeSize=128b)
2013-11-12 12:11:50.500+0000: [/home/ds/rails/dev/graph/db/graph-development/neostore.propertystore.db] brickCount=0 brickSize=1656728b mappedMem=165675008b (storeSize=0b)
2013-11-12 12:11:50.503+0000: [/home/ds/rails/dev/graph/db/graph-development/neostore.relationshipstore.db] brickCount=0 brickSize=2023725b mappedMem=202375168b (storeSize=0b)
2013-11-12 12:11:50.504+0000: [/home/ds/rails/dev/graph/db/graph-development/neostore.nodestore.db] brickCount=0 brickSize=45081b mappedMem=45088768b (storeSize=9b)
2013-11-12 12:11:50.505+0000: [/home/ds/rails/dev/graph/db/graph-development/neostore] brickCount=0 brickSize=0b mappedMem=0b (storeSize=0b)
2013-11-12 12:11:50.529+0000: /home/ds/rails/dev/graph/db/graph-development/neostore.relationshiptypestore.db.names hit=0 miss=0 switches=0 ooe=0
2013-11-12 12:11:50.554+0000: /home/ds/rails/dev/graph/db/graph-development/neostore.relationshiptypestore.db hit=0 miss=0 switches=0 ooe=0
2013-11-12 12:11:50.612+0000: /home/ds/rails/dev/graph/db/graph-development/neostore.propertystore.db.strings hit=0 miss=0 switches=0 ooe=0
2013-11-12 12:11:50.645+0000: /home/ds/rails/dev/graph/db/graph-development/neostore.propertystore.db.index.keys hit=0 miss=0 switches=0 ooe=0
2013-11-12 12:11:50.671+0000: /home/ds/rails/dev/graph/db/graph-development/neostore.propertystore.db.index hit=0 miss=0 switches=0 ooe=0
2013-11-12 12:11:50.729+0000: /home/ds/rails/dev/graph/db/graph-development/neostore.propertystore.db.arrays hit=0 miss=0 switches=0 ooe=0
2013-11-12 12:11:50.754+0000: /home/ds/rails/dev/graph/db/graph-development/neostore.propertystore.db hit=0 miss=0 switches=0 ooe=0
2013-11-12 12:11:50.793+0000: /home/ds/rails/dev/graph/db/graph-development/neostore.relationshipstore.db hit=0 miss=0 switches=0 ooe=0
2013-11-12 12:11:50.856+0000: /home/ds/rails/dev/graph/db/graph-development/neostore.nodestore.db hit=0 miss=0 switches=0 ooe=0
2013-11-12 12:11:50.929+0000: /home/ds/rails/dev/graph/db/graph-development/neostore hit=0 miss=8 switches=0 ooe=0
2013-11-12 12:11:50.975+0000: [/home/ds/rails/dev/graph/db/graph-development/neostore.relationshiptypestore.db.names] brickCount=0 brickSize=0b mappedMem=0b (storeSize=38b)
2013-11-12 12:11:50.976+0000: [/home/ds/rails/dev/graph/db/graph-development/neostore.relationshiptypestore.db] brickCount=0 brickSize=0b mappedMem=0b (storeSize=0b)
2013-11-12 12:11:50.978+0000: [/home/ds/rails/dev/graph/db/graph-development/neostore.propertystore.db.strings] brickCount=0 brickSize=140416b mappedMem=140509184b (storeSize=128b)
2013-11-12 12:11:50.979+0000: [/home/ds/rails/dev/graph/db/graph-development/neostore.propertystore.db.index.keys] brickCount=0 brickSize=1026b mappedMem=1048576b (storeSize=38b)
2013-11-12 12:11:50.981+0000: [/home/ds/rails/dev/graph/db/graph-development/neostore.propertystore.db.index] brickCount=0 brickSize=10485b mappedMem=1048576b (storeSize=0b)
2013-11-12 12:11:50.984+0000: [/home/ds/rails/dev/graph/db/graph-development/neostore.propertystore.db.arrays] brickCount=0 brickSize=159360b mappedMem=159383552b (storeSize=128b)
2013-11-12 12:11:50.990+0000: [/home/ds/rails/dev/graph/db/graph-development/neostore.propertystore.db] brickCount=0 brickSize=1656728b mappedMem=165675008b (storeSize=0b)
2013-11-12 12:11:50.991+0000: [/home/ds/rails/dev/graph/db/graph-development/neostore.relationshipstore.db] brickCount=0 brickSize=2023725b mappedMem=202375168b (storeSize=0b)
2013-11-12 12:11:50.992+0000: [/home/ds/rails/dev/graph/db/graph-development/neostore.nodestore.db] brickCount=0 brickSize=45081b mappedMem=45088768b (storeSize=9b)
2013-11-12 12:11:50.994+0000: [/home/ds/rails/dev/graph/db/graph-development/neostore] brickCount=0 brickSize=0b mappedMem=0b (storeSize=54b)
2013-11-12 12:11:51.085+0000: Opened logical log [/home/ds/rails/dev/graph/db/graph-development/nioneo_logical.log.1] version=0, lastTxId=1 (clean)
2013-11-12 12:11:51.134+0000: TM new log: tm_tx_log.1
2013-11-12 12:11:51.219+0000: Opened logical log [/home/ds/rails/dev/graph/db/graph-development/index/lucene.log.1] version=0, lastTxId=1 (clean)
2013-11-12 12:11:51.259+0000: --- STARTUP diagnostics START ---
2013-11-12 12:11:51.267+0000: Neo4j Kernel properties:
    forced_kernel_id=
    read_only=false
    neo4j.ext.udc.host=udc.neo4j.org
    logical_log=nioneo_logical.log
    node_auto_indexing=false
    intercept_committing_transactions=false
    remote_shell_name=shell
    cache_type=soft
    intercept_deserialized_transactions=false
    lucene_searcher_cache_size=2147483647
    neo4j.ext.udc.interval=86400000
    use_memory_mapped_buffers=true
    timestamps=false
    rebuild_idgenerators_fast=true
    neostore.propertystore.db.index.keys.mapped_memory=1M
    neostore.propertystore.db.arrays.mapped_memory=152M
    neostore.propertystore.db.strings.mapped_memory=134M
    log_mapped_memory_stats_filename=mapped_memory_stats.log
    log_mapped_memory_stats_interval=1000000
    gcr_cache_min_log_interval=60s
    relationship_grab_size=100
    relationship_auto_indexing=false
    remote_shell_read_only=false
    storage_path=/home/ds/rails/dev/graph/db/graph-development
    node_cache_array_fraction=1.0
    allow_store_upgrade=false
    execution_guard_enabled=false
    relationship_cache_array_fraction=1.0
    migration_thread=false
    store_dir=/home/ds/rails/dev/graph/db/graph-development
    remote_logging_host=127.0.0.1
    online_backup_enabled=false
    remote_logging_port=4560
    enable_rules=true
    gc_monitor_threshold=200ms
    array_block_size=120
    load_kernel_extensions=true
    neostore.relationshipstore.db.mapped_memory=193M
    keep_logical_logs=true
    dump_configuration=false
    gc_monitor_wait_time=100ms
    neostore.nodestore.db.mapped_memory=43M
    neo4j.ext.udc.first_delay=600000
    remote_shell_enabled=false
    neo4j.ext.udc.reg=unreg
    remote_shell_port=1337
    identity_map=true
    log_mapped_memory_stats=false
    mapped_memory_page_size=1M
    neo_store=neostore
    query_cache_size=100
    logging.threshold_for_rotation=104857600
    neostore.propertystore.db.index.mapped_memory=1M
    backup_slave=false
    neostore.propertystore.db.mapped_memory=158M
    string_block_size=120
    grab_file_lock=true
    remote_logging_enabled=false
    neo4j.ext.udc.enabled=true
    all_stores_total_mapped_memory_size=500M
    online_backup_port=6362
2013-11-12 12:11:51.281+0000: Diagnostics providers:
    org.neo4j.kernel.configuration.Config
    org.neo4j.kernel.info.DiagnosticsManager
    SYSTEM_MEMORY
    JAVA_MEMORY
    OPERATING_SYSTEM
    JAVA_VIRTUAL_MACHINE
    CLASSPATH
    LIBRARY_PATH
    SYSTEM_PROPERTIES
    LINUX_SCHEDULERS
    NETWORK
2013-11-12 12:11:51.283+0000: System memory information:
    Total Physical memory: 1.96 GB
    Free Physical memory: 70.57 MB
    Committed virtual memory: 1.33 GB
    Total swap space: 2.00 GB
    Free swap space: 2.00 GB
2013-11-12 12:11:51.290+0000: JVM memory information:
    Free  memory: 50.89 MB
    Total memory: 99.28 MB
    Max   memory: 483.38 MB
    Garbage Collector: Copy: [Eden Space, Survivor Space]
    Garbage Collector: MarkSweepCompact: [Eden Space, Survivor Space, Tenured Gen, Perm Gen]
    Memory Pool: Code Cache (Non-heap memory): committed=3.38 MB, used=2.96 MB, max=48.00 MB, threshold=0.00 B
    Memory Pool: Eden Space (Heap memory): committed=27.50 MB, used=7.35 MB, max=133.38 MB, threshold=?
    Memory Pool: Survivor Space (Heap memory): committed=3.38 MB, used=0.00 B, max=16.63 MB, threshold=?
    Memory Pool: Tenured Gen (Heap memory): committed=68.40 MB, used=41.04 MB, max=333.38 MB, threshold=0.00 B
    Memory Pool: Perm Gen (Non-heap memory): committed=35.25 MB, used=34.99 MB, max=166.00 MB, threshold=0.00 B
2013-11-12 12:11:51.327+0000: Operating system information:
    Operating System: Linux; version: 3.5.0-17-generic; arch: amd64; cpus: 1
    Max number of file descriptors: 4096
    Number of open file descriptors: 110
    Process id: 5619@localhost
    Byte order: LITTLE_ENDIAN
    Local timezone: Europe/Kiev
2013-11-12 12:11:51.332+0000: JVM information:
    VM Name: OpenJDK 64-Bit Server VM
    VM Vendor: Oracle Corporation
    VM Version: 23.2-b09
    JIT compiler: HotSpot 64-Bit Tiered Compilers
    VM Arguments: [-Djdk.home=, -Djruby.home=/home/ds/.rvm/rubies/jruby-1.7.4, -Djruby.script=jruby, -Djruby.shell=/bin/sh, -Djffi.boot.library.path=/home/ds/.rvm/rubies/jruby-1.7.4/lib/native:/home/ds/.rvm/rubies/jruby-1.7.4/lib/native/x86_64-Linux:/home/ds/.rvm/rubies/jruby-1.7.4/lib/native/i386-Linux:/home/ds/.rvm/rubies/jruby-1.7.4/lib/native/arm-Linux, -Xmx500m, -Xss2048k, -Xbootclasspath/a:/home/ds/.rvm/rubies/jruby-1.7.4/lib/jruby.jar]
2013-11-12 12:11:51.334+0000: Java classpath:
     [loader.0] file:/home/ds/.rvm/gems/jruby-1.7.4@neo4j/gems/neo4j-admin-0.2.0-java/lib/neo4j-admin/jars/jersey-core-1.9.jar
     [loader.2] file:/usr/lib/jvm/java-7-openjdk-common/jre/lib/ext/sunpkcs11.jar
     [bootstrap] /usr/lib/jvm/java-7-openjdk-amd64/jre/lib/plugin.jar
     [loader.0] file:/home/ds/.rvm/gems/jruby-1.7.4@neo4j/gems/neo4j-admin-0.2.0-java/lib/neo4j-admin/jars/pipes-1.0.jar
     [bootstrap] /usr/lib/jvm/java-7-openjdk-amd64/jre/lib/charsets.jar
     [loader.0] file:/home/ds/.rvm/gems/jruby-1.7.4@neo4j/gems/neo4j-community-1.8.2-java/lib/neo4j-community/jars/neo4j-lucene-index-1.8.2.jar
     [loader.0] file:/home/ds/.rvm/gems/jruby-1.7.4@neo4j/gems/neo4j-admin-0.2.0-java/lib/neo4j-admin/jars/asm-tree-3.2.jar
     [bootstrap] /usr/lib/jvm/java-7-openjdk-amd64/jre/lib/sunrsasign.jar
     [loader.0] file:/home/ds/.rvm/gems/jruby-1.7.4@neo4j/gems/neo4j-community-1.8.2-java/lib/neo4j-community/jars/neo4j-graph-matching-1.8.2.jar
     [loader.0] file:/home/ds/.rvm/gems/jruby-1.7.4@neo4j/gems/neo4j-admin-0.2.0-java/lib/neo4j-admin/jars/asm-analysis-3.2.jar
     [bootstrap] /usr/lib/jvm/java-7-openjdk-amd64/jre/lib/rhino.jar
     [loader.2] file:/usr/lib/x86_64-linux-gnu/jni/libatk-wrapper.so.0.0.18
     [loader.0] file:/home/ds/.rvm/gems/jruby-1.7.4@neo4j/gems/neo4j-community-1.8.2-java/lib/neo4j-community/jars/server-api-1.8.2.jar
     [loader.0] file:/home/ds/.rvm/gems/jruby-1.7.4@neo4j/gems/neo4j-admin-0.2.0-java/lib/neo4j-admin/jars/jackson-core-asl-1.8.3.jar
     [loader.0] file:/home/ds/.rvm/gems/jruby-1.7.4@neo4j/gems/neo4j-admin-0.2.0-java/lib/neo4j-admin/jars/blueprints-neo4j-graph-1.2.jar
     [loader.2] file:/usr/share/java/java-atk-wrapper.jar
     [loader.2] file:/usr/lib/jvm/java-7-openjdk-common/jre/lib/ext/sunjce_provider.jar
     [loader.0] file:/home/ds/.rvm/gems/jruby-1.7.4@neo4j/gems/neo4j-community-1.8.2-java/lib/neo4j-community/jars/org.apache.servicemix.bundles.jline-0.9.94_1.jar
     [loader.0] file:/home/ds/.rvm/gems/jruby-1.7.4@neo4j/gems/neo4j-admin-0.2.0-java/lib/neo4j-admin/jars/mimepull-1.6.jar
     [loader.0] file:/home/ds/.rvm/gems/jruby-1.7.4@neo4j/gems/neo4j-admin-0.2.0-java/lib/neo4j-admin/jars/gremlin-java-1.5.jar
     [loader.0] file:/home/ds/.rvm/gems/jruby-1.7.4@neo4j/gems/neo4j-community-1.8.2-java/lib/neo4j-community/jars/lucene-core-3.5.0.jar
     [loader.0] file:/home/ds/.rvm/gems/jruby-1.7.4@neo4j/gems/neo4j-admin-0.2.0-java/lib/neo4j-admin/jars/jersey-server-1.9.jar
     [loader.0] file:/home/ds/.rvm/gems/jruby-1.7.4@neo4j/gems/neo4j-admin-0.2.0-java/lib/neo4j-admin/jars/commons-io-1.4.jar
     [loader.0] file:/home/ds/.rvm/gems/jruby-1.7.4@neo4j/gems/neo4j-admin-0.2.0-java/lib/neo4j-admin/jars/groovy-1.8.5.jar
     [bootstrap] /home/ds/.rvm/rubies/jruby-1.7.4/lib/jruby.jar
     [loader.0] file:/home/ds/.rvm/gems/jruby-1.7.4@neo4j/gems/neo4j-admin-0.2.0-java/lib/neo4j-admin/jars/blueprints-core-1.2.jar
     [loader.0] file:/home/ds/.rvm/gems/jruby-1.7.4@neo4j/gems/neo4j-admin-0.2.0-java/lib/neo4j-admin/jars/rrd4j-2.0.7.jar
     [loader.0] file:/home/ds/.rvm/gems/jruby-1.7.4@neo4j/gems/therubyrhino_jar-1.7.4/jar/rhino-1.7R4.jar
     [loader.0] file:/home/ds/.rvm/gems/jruby-1.7.4@neo4j/gems/neo4j-admin-0.2.0-java/lib/neo4j-admin/jars/jersey-multipart-1.9.jar
     [loader.0] file:/home/ds/.rvm/gems/jruby-1.7.4@neo4j/gems/neo4j-community-1.8.2-java/lib/neo4j-community/jars/concurrentlinkedhashmap-lru-1.3.1.jar
     [loader.0] file:/home/ds/.rvm/gems/jruby-1.7.4@neo4j/gems/neo4j-admin-0.2.0-java/lib/neo4j-admin/jars/servlet-api-2.5-20081211.jar
     [loader.0] file:/home/ds/.rvm/gems/jruby-1.7.4@neo4j/gems/neo4j-admin-0.2.0-java/lib/neo4j-admin/jars/commons-logging-1.1.1.jar
     [loader.0] file:/home/ds/.rvm/gems/jruby-1.7.4@neo4j/gems/neo4j-community-1.8.2-java/lib/neo4j-community/jars/neo4j-cypher-1.8.2.jar
     [loader.0] file:/home/ds/.rvm/gems/jruby-1.7.4@neo4j/gems/neo4j-admin-0.2.0-java/lib/neo4j-admin/jars/commons-configuration-1.6.jar
     [bootstrap] /usr/lib/jvm/java-7-openjdk-amd64/jre/lib/jce.jar
     [loader.0] file:/home/ds/.rvm/gems/jruby-1.7.4@neo4j/gems/neo4j-admin-0.2.0-java/lib/neo4j-admin/jars/jackson-mapper-asl-1.9.7.jar
     [loader.0] file:/home/ds/.rvm/gems/jruby-1.7.4@neo4j/gems/neo4j-community-1.8.2-java/lib/neo4j-community/jars/scala-library-2.9.1-1.jar
     [loader.0] file:/home/ds/.rvm/gems/jruby-1.7.4@neo4j/gems/neo4j-admin-0.2.0-java/lib/neo4j-admin/jars/jansi-1.5.jar
     [loader.0] file:/home/ds/.rvm/gems/jruby-1.7.4@global/gems/bouncy-castle-java-1.5.0147/lib/bcpkix-jdk15on-147.jar
     [loader.0] file:/home/ds/.rvm/gems/jruby-1.7.4@neo4j/gems/neo4j-admin-0.2.0-java/lib/neo4j-admin/jars/neo4j-server-1.8.RC1-static-web.jar
     [loader.0] file:/home/ds/.rvm/gems/jruby-1.7.4@neo4j/gems/neo4j-admin-0.2.0-java/lib/neo4j-admin/jars/stax-api-1.0.1.jar
     [loader.0] file:/home/ds/.rvm/gems/jruby-1.7.4@neo4j/gems/neo4j-admin-0.2.0-java/lib/neo4j-admin/jars/commons-lang-2.4.jar
     [loader.2] file:/usr/lib/jvm/java-7-openjdk-common/jre/lib/ext/localedata.jar
     [loader.0] file:/home/ds/.rvm/gems/jruby-1.7.4@neo4j/gems/neo4j-community-1.8.2-java/lib/neo4j-community/jars/neo4j-shell-1.8.2.jar
     [bootstrap] /usr/lib/jvm/java-7-openjdk-amd64/jre/lib/jsse.jar
     [loader.0] file:/home/ds/.rvm/gems/jruby-1.7.4@neo4j/gems/json-1.8.1-java/lib/json/ext/parser.jar
     [loader.0] file:/home/ds/.rvm/gems/jruby-1.7.4@neo4j/gems/neo4j-admin-0.2.0-java/lib/neo4j-admin/jars/neo4j-server-1.8.RC1.jar
     [loader.0] file:/home/ds/.rvm/gems/jruby-1.7.4@neo4j/gems/json-1.8.1-java/lib/json/ext/generator.jar
     [loader.2] file:/usr/lib/jvm/java-7-openjdk-common/jre/lib/ext/dnsns.jar
     [loader.0] file:/home/ds/.rvm/gems/jruby-1.7.4@neo4j/gems/neo4j-admin-0.2.0-java/lib/neo4j-admin/jars/jetty-6.1.25.jar
     [loader.0] file:/home/ds/.rvm/gems/jruby-1.7.4@neo4j/gems/neo4j-admin-0.2.0-java/lib/neo4j-admin/jars/commons-beanutils-1.8.0.jar
     [loader.0] file:/home/ds/.rvm/gems/jruby-1.7.4@neo4j/gems/neo4j-community-1.8.2-java/lib/neo4j-community/jars/neo4j-jmx-1.8.2.jar
     [loader.0] file:/home/ds/.rvm/gems/jruby-1.7.4@neo4j/gems/neo4j-admin-0.2.0-java/lib/neo4j-admin/jars/bcprov-jdk16-140.jar
     [loader.0] file:/home/ds/.rvm/gems/jruby-1.7.4@neo4j/gems/neo4j-admin-0.2.0-java/lib/neo4j-admin/jars/asm-3.1.jar
     [loader.0] file:/home/ds/.rvm/gems/jruby-1.7.4@neo4j/gems/neo4j-community-1.8.2-java/lib/neo4j-community/jars/neo4j-graph-algo-1.8.2.jar
     [loader.0] file:/home/ds/.rvm/gems/jruby-1.7.4@neo4j/gems/neo4j-admin-0.2.0-java/lib/neo4j-admin/jars/asm-util-3.2.jar
     [loader.0] file:/home/ds/.rvm/gems/jruby-1.7.4@neo4j/gems/jruby-openssl-0.7.7/lib/shared/jopenssl.jar
     [classpath + loader.1] file:/home/ds/rails/dev/graph/
     [loader.0] file:/home/ds/.rvm/gems/jruby-1.7.4@neo4j/gems/neo4j-admin-0.2.0-java/lib/neo4j-admin/jars/log4j-over-slf4j-1.6.1.jar
     [loader.0] file:/home/ds/.rvm/gems/jruby-1.7.4@neo4j/gems/neo4j-admin-0.2.0-java/lib/neo4j-admin/jars/commons-beanutils-core-1.8.0.jar
     [bootstrap] /usr/lib/jvm/java-7-openjdk-amd64/jre/lib/netx.jar
     [loader.0] file:/home/ds/.rvm/gems/jruby-1.7.4@neo4j/gems/neo4j-admin-0.2.0-java/lib/neo4j-admin/jars/antlr-2.7.7.jar
     [bootstrap] /usr/lib/jvm/java-7-openjdk-amd64/jre/classes
     [loader.0] file:/home/ds/.rvm/gems/jruby-1.7.4@neo4j/gems/neo4j-admin-0.2.0-java/lib/neo4j-admin/jars/jsr311-api-1.1.2.r612.jar
     [loader.0] file:/home/ds/.rvm/gems/jruby-1.7.4@neo4j/gems/neo4j-community-1.8.2-java/lib/neo4j-community/jars/neo4j-udc-1.8.2.jar
     [loader.0] file:/home/ds/.rvm/gems/jruby-1.7.4@neo4j/gems/neo4j-admin-0.2.0-java/lib/neo4j-admin/jars/asm-commons-3.2.jar
     [loader.0] file:/home/ds/.rvm/gems/jruby-1.7.4@neo4j/gems/neo4j-admin-0.2.0-java/lib/neo4j-admin/jars/slf4j-jdk14-1.6.1.jar
     [bootstrap] /usr/lib/jvm/java-7-openjdk-amd64/jre/lib/jfr.jar
     [loader.0] file:/home/ds/.rvm/gems/jruby-1.7.4@neo4j/gems/neo4j-community-1.8.2-java/lib/neo4j-community/jars/neo4j-kernel-1.8.2.jar
     [bootstrap] /usr/lib/jvm/java-7-openjdk-amd64/jre/lib/rt.jar
     [loader.0] file:/home/ds/.rvm/gems/jruby-1.7.4@neo4j/gems/neo4j-core-2.2.4-java/lib/neo4j-core/jars/neo4jrb-adaptor.jar
     [loader.2] file:/usr/lib/jvm/java-7-openjdk-common/jre/lib/ext/pulse-java.jar
     [loader.0] file:/home/ds/.rvm/gems/jruby-1.7.4@neo4j/gems/neo4j-admin-0.2.0-java/lib/neo4j-admin/jars/commons-digester-1.8.1.jar
     [loader.0] file:/home/ds/.rvm/gems/jruby-1.7.4@neo4j/gems/neo4j-admin-0.2.0-java/lib/neo4j-admin/jars/gremlin-groovy-1.5.jar
     [loader.0] file:/home/ds/.rvm/gems/jruby-1.7.4@neo4j/gems/neo4j-admin-0.2.0-java/lib/neo4j-admin/jars/jcl-over-slf4j-1.6.1.jar
     [loader.0] file:/home/ds/.rvm/gems/jruby-1.7.4@global/gems/bouncy-castle-java-1.5.0147/lib/bcprov-jdk15on-147.jar
     [bootstrap] /usr/lib/jvm/java-7-openjdk-common/jre/lib/resources.jar
     [loader.0] file:/home/ds/.rvm/gems/jruby-1.7.4@neo4j/gems/neo4j-admin-0.2.0-java/lib/neo4j-admin/jars/jetty-util-6.1.25.jar
     [loader.0] file:/home/ds/.rvm/gems/jruby-1.7.4@neo4j/gems/neo4j-admin-0.2.0-java/lib/neo4j-admin/jars/commons-collections-3.2.1.jar
     [loader.0] file:/home/ds/.rvm/gems/jruby-1.7.4@neo4j/gems/neo4j-admin-0.2.0-java/lib/neo4j-admin/jars/slf4j-api-1.6.2.jar
     [loader.0] file:/home/ds/.rvm/gems/jruby-1.7.4@neo4j/gems/neo4j-admin-0.2.0-java/lib/neo4j-admin/jars/jettison-1.3.jar
     [loader.2] file:/usr/lib/jvm/java-7-openjdk-common/jre/lib/ext/zipfs.jar
     [loader.0] file:/home/ds/.rvm/gems/jruby-1.7.4@neo4j/gems/neo4j-community-1.8.2-java/lib/neo4j-community/jars/geronimo-jta_1.1_spec-1.1.1.jar
     [loader.0] file:/home/ds/.rvm/gems/jruby-1.7.4@neo4j/gems/neo4j-admin-0.2.0-java/lib/neo4j-admin/jars/jackson-jaxrs-1.8.3.jar
2013-11-12 12:11:51.345+0000: Library path:
    /usr/java/packages/lib/amd64
    /usr/lib/jni
    /lib
    /usr/lib
2013-11-12 12:11:51.345+0000: System.properties:
    jruby.home = /home/ds/.rvm/rubies/jruby-1.7.4
    sun.boot.library.path = /usr/lib/jvm/java-7-openjdk-amd64/jre/lib/amd64
    path.separator = :
    file.encoding.pkg = sun.io
    user.country = US
    sun.java.launcher = SUN_STANDARD
    sun.os.patch.level = unknown
    user.dir = /home/ds/rails/dev/graph
    neo4j.ext.udc.source = neo4rb
    jdk.home = 
    sun.jnu.encoding = UTF-8
    sun.management.compiler = HotSpot 64-Bit Tiered Compilers
    jffi.boot.library.path = /home/ds/.rvm/rubies/jruby-1.7.4/lib/native:/home/ds/.rvm/rubies/jruby-1.7.4/lib/native/x86_64-Linux:/home/ds/.rvm/rubies/jruby-1.7.4/lib/native/i386-Linux:/home/ds/.rvm/rubies/jruby-1.7.4/lib/native/arm-Linux
    user.home = /home/ds
    user.timezone = Europe/Kiev
    file.encoding = UTF-8
    jruby.script = jruby
    user.name = ds
    jruby.shell = /bin/sh
    sun.java.command = org/jruby/Main script/rails s
    sun.arch.data.model = 64
    user.language = en
    awt.toolkit = sun.awt.X11.XToolkit
    file.separator = /
    sun.io.unicode.encoding = UnicodeLittle
    sun.cpu.endian = little
    sun.cpu.isalist = 
2013-11-12 12:11:51.347+0000: Linux scheduler information:
    noop [deadline] cfq 
    noop [deadline] cfq 
    noop [deadline] cfq 
    none
    none
    none
    none
    none
    none
    none
    none
    none
    none
    none
    none
    none
    none
    none
    none
    none
    none
    none
    none
    none
    none
    none
    none
2013-11-12 12:11:51.354+0000: Network information:
    Interface eth0:
        address: 2a03:7380:3000:0:f130:2435:e22:e9fa%2
        address: fe80:0:0:0:217:31ff:feb6:ae6e%2
        address: 2a03:7380:3000:0:217:31ff:feb6:ae6e%2
        address: 109.87.166.191
    Interface lo:
        address: 0:0:0:0:0:0:0:1%1
        address: 127.0.0.1
2013-11-12 12:11:51.358+0000: --- STARTUP diagnostics END ---
2013-11-12 12:11:51.371+0000: Recovery completed, all transactions have been resolved to a consistent state.
2013-11-12 12:11:51.593+0000: Extension org.neo4j.kernel.KernelExtension[kernel jmx] loaded ok
2013-11-12 12:11:51.603+0000: Extension org.neo4j.kernel.KernelExtension[kernel udc] loaded ok
2013-11-12 12:11:51.605+0000: Extension org.neo4j.kernel.KernelExtension[shell] loaded ok
2013-11-12 12:11:51.614+0000: --- STARTUP diagnostics for KernelDiagnostics:Versions START ---
2013-11-12 12:11:51.614+0000: Graph Database: org.neo4j.kernel.EmbeddedGraphDatabase StoreId[time:1384258309023, id:8158407884626953923, store version: 13561656364791302]
2013-11-12 12:11:51.614+0000: Kernel version: Neo4j - Graph Database Kernel 1.8.2
2013-11-12 12:11:51.614+0000: Neo4j component versions:
2013-11-12 12:11:51.616+0000:   Neo4j - Graph Database Kernel 1.8.2
2013-11-12 12:11:51.616+0000: --- STARTUP diagnostics for KernelDiagnostics:Versions END ---
2013-11-12 12:11:51.623+0000: --- STARTUP diagnostics for NEO_STORE_VERSIONS START ---
2013-11-12 12:11:51.624+0000: Store versions:
    Store versions:
      NeoStore v0.A.0
      NodeStore v0.A.0
      RelationshipStore v0.A.0
      RelationshipTypeStore v0.A.0
      PropertyStore v0.A.0
      PropertyIndexStore v0.A.0
      StringPropertyStore v0.A.0
      ArrayPropertyStore v0.A.0
2013-11-12 12:11:51.625+0000: --- STARTUP diagnostics for NEO_STORE_VERSIONS END ---
2013-11-12 12:11:51.625+0000: --- STARTUP diagnostics for NEO_STORE_ID_USAGE START ---
2013-11-12 12:11:51.625+0000: Id usage:
    Id usage:
      NodeStore: used=1 high=0
      RelationshipStore: used=0 high=-1
      RelationshipTypeStore: used=0 high=-1
      PropertyStore: used=0 high=-1
      PropertyIndexStore: used=0 high=-1
      StringPropertyStore: used=1 high=0
      ArrayPropertyStore: used=1 high=0
2013-11-12 12:11:51.626+0000: --- STARTUP diagnostics for NEO_STORE_ID_USAGE END ---
2013-11-12 12:11:51.626+0000: --- STARTUP diagnostics for PERSISTENCE_WINDOW_POOL_STATS START ---
2013-11-12 12:11:51.627+0000: --- STARTUP diagnostics for PERSISTENCE_WINDOW_POOL_STATS END ---
2013-11-12 12:11:51.627+0000: --- STARTUP diagnostics for KernelDiagnostics:StoreFiles START ---
2013-11-12 12:11:51.628+0000: Disk space on partition (Total / Free / Free %): 33572786176 / 7617241088 / 77
Storage files: (filename : modification date - size)
      neostore.propertystore.db.id: 2013-11-12T14:11:50+0200 - 9.00 B
      neostore.propertystore.db.index.keys: 2013-11-12T14:11:50+0200 - 38.00 B
      neostore.propertystore.db.strings: 2013-11-12T14:11:50+0200 - 128.00 B
      neostore.propertystore.db.index.id: 2013-11-12T14:11:50+0200 - 9.00 B
      neostore.nodestore.db: 2013-11-12T14:11:50+0200 - 9.00 B
      neostore.relationshiptypestore.db: 2013-11-12T14:11:50+0200 - 0.00 B
      neostore.relationshipstore.db.id: 2013-11-12T14:11:50+0200 - 9.00 B
      neostore.relationshipstore.db: 2013-11-12T14:11:50+0200 - 0.00 B
      neostore.propertystore.db.index.keys.id: 2013-11-12T14:11:50+0200 - 9.00 B
      store_lock: 2013-11-12T14:11:48+0200 - 0.00 B
      tm_tx_log.1: 2013-11-12T14:11:51+0200 - 0.00 B
      active_tx_log: 2013-11-12T14:11:51+0200 - 11.00 B
      index:
        lucene.log.1: 2013-11-12T14:11:51+0200 - 16.00 B
        lucene.log.active: 2013-11-12T14:11:51+0200 - 4.00 B
        lucene-store.db: 2013-11-12T14:11:51+0200 - 40.00 B
      - Total: 2013-11-12T14:11:51+0200 - 60.00 B
      neostore.propertystore.db.arrays: 2013-11-12T14:11:50+0200 - 128.00 B
      neostore.propertystore.db.strings.id: 2013-11-12T14:11:50+0200 - 9.00 B
      neostore.propertystore.db.arrays.id: 2013-11-12T14:11:50+0200 - 9.00 B
      neostore.nodestore.db.id: 2013-11-12T14:11:50+0200 - 9.00 B
      lock: 2013-11-12T14:11:50+0200 - 0.00 B
      neostore.propertystore.db.index: 2013-11-12T14:11:50+0200 - 0.00 B
      nioneo_logical.log.active: 2013-11-12T14:11:51+0200 - 4.00 B
      neostore.id: 2013-11-12T14:11:50+0200 - 9.00 B
      nioneo_logical.log.1: 2013-11-12T14:11:51+0200 - 16.00 B
      neostore.propertystore.db: 2013-11-12T14:11:50+0200 - 0.00 B
      messages.log: 2013-11-12T14:11:51+0200 - 23.93 kB
      neostore.relationshiptypestore.db.names.id: 2013-11-12T14:11:50+0200 - 9.00 B
      neostore.relationshiptypestore.db.names: 2013-11-12T14:11:50+0200 - 38.00 B
      neostore.relationshiptypestore.db.id: 2013-11-12T14:11:50+0200 - 9.00 B
      neostore: 2013-11-12T14:11:50+0200 - 54.00 B
2013-11-12 12:11:51.644+0000: --- STARTUP diagnostics for KernelDiagnostics:StoreFiles END ---
2013-11-12 12:11:51.647+0000: Started - database is now available
2013-11-12 12:11:51.660+0000: GC Monitor started. 
2013-11-12 12:11:51.911+0000: --- SERVER STARTUP START ---
2013-11-12 12:11:51.911+0000: --- STARTUP diagnostics for org.neo4j.server.configuration.Configurator START ---
2013-11-12 12:11:51.916+0000: Server configuration:
    org.neo4j.server.database.location = /home/ds/rails/dev/graph/db/graph-development
2013-11-12 12:11:51.916+0000: --- STARTUP diagnostics for org.neo4j.server.configuration.Configurator END ---
2013-11-12 12:11:51.992+0000: Mounted discovery module (org.neo4j.server.rest.discovery) at: /
2013-11-12 12:11:52.012+0000: Mounted REST API at: /db/data
2013-11-12 12:11:52.015+0000: Mounted management API at: /db/manage
2013-11-12 12:11:52.127+0000: Mounted webadmin at: /webadmin
2013-11-12 12:11:53.748+0000: GC Monitor: Application threads blocked for an additional 485ms [total block time: 0.485s]
2013-11-12 12:11:58.036+0000: Server started on: http://localhost:7474/
2013-11-12 12:11:58.038+0000: --- SERVER STARTUP END ---
2013-11-12 12:12:21.078+0000: GC Monitor: Application threads blocked for an additional 639ms [total block time: 1.124s]
2013-11-12 12:12:27.170+0000: GC Monitor: Application threads blocked for an additional 448ms [total block time: 1.572s]
2013-11-12 12:12:31.109+0000: GC Monitor: Application threads blocked for an additional 524ms [total block time: 2.096s]
2013-11-12 12:12:34.083+0000: GC Monitor: Application threads blocked for an additional 817ms [total block time: 2.913s]
2013-11-12 12:12:40.205+0000: GC Monitor: Application threads blocked for an additional 676ms [total block time: 3.589s]
2013-11-12 13:30:28.786+0000: GC Monitor: Application threads blocked for an additional 637ms [total block time: 4.226s]
2013-11-12 13:36:22.225+0000: GC Monitor: Application threads blocked for an additional 115ms [total block time: 4.341s]
2013-11-12 13:38:50.647+0000: GC Monitor: Application threads blocked for an additional 689ms [total block time: 5.03s]
2013-11-12 13:42:02.835+0000: GC Monitor: Application threads blocked for an additional 150ms [total block time: 5.18s]
2013-11-12 13:42:27.361+0000: GC Monitor: Application threads blocked for an additional 371ms [total block time: 5.551s]
2013-11-12 14:24:12.438+0000: GC Monitor: Application threads blocked for an additional 153ms [total block time: 5.704s]
2013-11-12 14:32:52.229+0000: Stopping - database is now unavailable
2013-11-12 14:32:52.298+0000: GC Monitor stopped. 
2013-11-12 14:32:52.330+0000: TM shutting down
2013-11-12 14:32:54.402+0000: Closed log /home/ds/rails/dev/graph/db/graph-development/index/lucene.log
2013-11-12 14:32:54.441+0000: Closed log /home/ds/rails/dev/graph/db/graph-development/nioneo_logical.log
2013-11-12 14:32:54.441+0000: /home/ds/rails/dev/graph/db/graph-development/neostore.relationshiptypestore.db.names hit=0 miss=8 switches=0 ooe=0
2013-11-12 14:32:54.479+0000: /home/ds/rails/dev/graph/db/graph-development/neostore.relationshiptypestore.db hit=0 miss=8 switches=0 ooe=0
2013-11-12 14:32:54.510+0000: /home/ds/rails/dev/graph/db/graph-development/neostore.propertystore.db.strings hit=0 miss=0 switches=0 ooe=0
2013-11-12 14:32:54.545+0000: /home/ds/rails/dev/graph/db/graph-development/neostore.propertystore.db.index.keys hit=4 miss=0 switches=0 ooe=0
2013-11-12 14:32:54.572+0000: /home/ds/rails/dev/graph/db/graph-development/neostore.propertystore.db.index hit=4 miss=0 switches=0 ooe=0
2013-11-12 14:32:54.599+0000: /home/ds/rails/dev/graph/db/graph-development/neostore.propertystore.db.arrays hit=0 miss=0 switches=0 ooe=0
2013-11-12 14:32:54.634+0000: /home/ds/rails/dev/graph/db/graph-development/neostore.propertystore.db hit=42 miss=0 switches=0 ooe=0
2013-11-12 14:32:54.679+0000: /home/ds/rails/dev/graph/db/graph-development/neostore.relationshipstore.db hit=106 miss=0 switches=0 ooe=0
2013-11-12 14:32:54.709+0000: /home/ds/rails/dev/graph/db/graph-development/neostore.nodestore.db hit=93 miss=0 switches=0 ooe=0
2013-11-12 14:32:54.747+0000: /home/ds/rails/dev/graph/db/graph-development/neostore hit=0 miss=48 switches=0 ooe=0
2013-11-12 14:32:54.764+0000: NeoStore closed
2013-11-12 14:32:54.764+0000: --- SHUTDOWN diagnostics START ---
2013-11-12 14:32:54.765+0000: --- SHUTDOWN diagnostics END ---
2013-11-12 14:36:39.819+0000: Opened [/home/ds/rails/dev/graph/db/graph-development/nioneo_logical.log.1] clean empty log, version=1, lastTxId=33
2013-11-12 14:36:39.862+0000: TM opening log: /home/ds/rails/dev/graph/db/graph-development/tm_tx_log.1
2013-11-12 14:36:40.017+0000: Opened [/home/ds/rails/dev/graph/db/graph-development/index/lucene.log.1] clean empty log, version=1, lastTxId=27
2013-11-12 14:36:40.035+0000: --- STARTUP diagnostics START ---
2013-11-12 14:36:40.041+0000: Neo4j Kernel properties:
    store_dir=/home/ds/rails/dev/graph/db/graph-development
    remote_logging_host=127.0.0.1
    read_only=false
    neo4j.ext.udc.host=udc.neo4j.org
    logical_log=/home/ds/rails/dev/graph/db/graph-development/nioneo_logical.log
    remote_logging_port=4560
    gc_monitor_threshold=200ms
    load_kernel_extensions=true
    array_block_size=120
    intercept_committing_transactions=false
    node_auto_indexing=false
    neostore.relationshipstore.db.mapped_memory=173M
    dump_configuration=false
    gc_monitor_wait_time=100ms
    cache_type=soft
    intercept_deserialized_transactions=false
    neostore.nodestore.db.mapped_memory=39M
    neo4j.ext.udc.first_delay=600000
    neo4j.ext.udc.reg=unreg
    lucene_searcher_cache_size=2147483647
    neo4j.ext.udc.interval=86400000
    use_memory_mapped_buffers=true
    rebuild_idgenerators_fast=true
    neostore.propertystore.db.index.keys.mapped_memory=1M
    neostore.propertystore.db.strings.mapped_memory=120M
    neostore.propertystore.db.arrays.mapped_memory=136M
    neo_store=/home/ds/rails/dev/graph/db/graph-development/neostore
    neostore.propertystore.db.index.mapped_memory=1M
    backup_slave=false
    neostore.propertystore.db.mapped_memory=141M
    gcr_cache_min_log_interval=60s
    relationship_auto_indexing=false
    relationship_grab_size=100
    string_block_size=120
    lucene_writer_cache_size=2147483647
    grab_file_lock=true
    node_cache_array_fraction=1.0
    remote_logging_enabled=false
    allow_store_upgrade=true
    execution_guard_enabled=false
    neo4j.ext.udc.enabled=true
    relationship_cache_array_fraction=1.0
2013-11-12 14:36:40.050+0000: Diagnostics providers:
    org.neo4j.kernel.configuration.Config
    org.neo4j.kernel.info.DiagnosticsManager
    SYSTEM_MEMORY
    JAVA_MEMORY
    OPERATING_SYSTEM
    JAVA_VIRTUAL_MACHINE
    CLASSPATH
    LIBRARY_PATH
    SYSTEM_PROPERTIES
    LINUX_SCHEDULERS
2013-11-12 14:36:40.051+0000: System memory information:
    Total Physical memory: 1.96 GB
    Free Physical memory: 555.40 MB
    Committed virtual memory: 1.56 GB
    Total swap space: 2.00 GB
    Free swap space: 1.56 GB
2013-11-12 14:36:40.073+0000: JVM memory information:
    Free  memory: 16.28 MB
    Total memory: 30.38 MB
    Max   memory: 643.81 MB
    Garbage Collector: Copy: [Eden Space, Survivor Space]
    Garbage Collector: MarkSweepCompact: [Eden Space, Survivor Space, Tenured Gen, Perm Gen]
    Memory Pool: Code Cache (Non-heap memory): committed=2.44 MB, used=1.23 MB, max=48.00 MB, threshold=0.00 B
    Memory Pool: Eden Space (Heap memory): committed=8.50 MB, used=2.74 MB, max=177.63 MB, threshold=?
    Memory Pool: Survivor Space (Heap memory): committed=1.00 MB, used=0.00 B, max=22.19 MB, threshold=?
    Memory Pool: Tenured Gen (Heap memory): committed=20.88 MB, used=11.38 MB, max=444.00 MB, threshold=0.00 B
    Memory Pool: Perm Gen (Non-heap memory): committed=32.31 MB, used=32.21 MB, max=166.00 MB, threshold=0.00 B
2013-11-12 14:36:40.102+0000: Operating system information:
    Operating System: Linux; version: 3.5.0-17-generic; arch: amd64; cpus: 1
    Max number of file descriptors: 4096
    Number of open file descriptors: 108
    Process id: 7313@localhost
    Byte order: LITTLE_ENDIAN
2013-11-12 14:36:40.108+0000: JVM information:
    VM Name: OpenJDK 64-Bit Server VM
    VM Vendor: Oracle Corporation
    VM Version: 23.2-b09
    JIT compiler: HotSpot 64-Bit Tiered Compilers
    VM Arguments: []
2013-11-12 14:36:40.111+0000: Java classpath:
     [bootstrap] /usr/lib/jvm/java-7-openjdk-amd64/jre/lib/rhino.jar
     [bootstrap] /usr/lib/jvm/java-7-openjdk-amd64/jre/lib/plugin.jar
     [bootstrap] /usr/lib/jvm/java-7-openjdk-amd64/jre/lib/netx.jar
     [bootstrap] /usr/lib/jvm/java-7-openjdk-amd64/jre/lib/jce.jar
     [bootstrap] /usr/lib/jvm/java-7-openjdk-amd64/jre/classes
     [bootstrap] /usr/lib/jvm/java-7-openjdk-amd64/jre/lib/jfr.jar
     [classpath] /home/ds/rails/tool/neoclipse1.7/plugins/org.eclipse.equinox.launcher_1.2.0.v20110502.jar
     [bootstrap] /usr/lib/jvm/java-7-openjdk-common/jre/lib/resources.jar
     [bootstrap] /usr/lib/jvm/java-7-openjdk-amd64/jre/lib/charsets.jar
     [bootstrap] /usr/lib/jvm/java-7-openjdk-amd64/jre/lib/jsse.jar
     [bootstrap] /usr/lib/jvm/java-7-openjdk-amd64/jre/lib/rt.jar
     [bootstrap] /usr/lib/jvm/java-7-openjdk-amd64/jre/lib/sunrsasign.jar
2013-11-12 14:36:40.118+0000: Library path:
    /usr/java/packages/lib/amd64
    /usr/lib/jni
    /lib
    /usr/lib
2013-11-12 14:36:40.123+0000: System.properties:
    osgi.bundles.defaultStartLevel = 4
    sun.java.launcher = SUN_STANDARD
    org.osgi.supports.framework.extension = true
    sun.management.compiler = HotSpot 64-Bit Tiered Compilers
    eclipse.p2.profile = profile
    osgi.ws = gtk
    osgi.instance.area = file:/home/ds/rails/tool/neoclipse1.7/neoclipse-workspace/
    org.osgi.framework.uuid = 20d6dfba-a74b-0013-182b-ae1ffebdb1fd
    user.name = ds
    osgi.framework.extensions = 
    org.osgi.framework.system.packages = javax.accessibility,javax.activation,javax.activity,javax.annotation,javax.annotation.processing,javax.crypto,javax.crypto.interfaces,javax.crypto.spec,javax.imageio,javax.imageio.event,javax.imageio.metadata,javax.imageio.plugins.bmp,javax.imageio.plugins.jpeg,javax.imageio.spi,javax.imageio.stream,javax.jws,javax.jws.soap,javax.lang.model,javax.lang.model.element,javax.lang.model.type,javax.lang.model.util,javax.management,javax.management.event,javax.management.loading,javax.management.modelmbean,javax.management.monitor,javax.management.namespace,javax.management.openmbean,javax.management.relation,javax.management.remote,javax.management.remote.rmi,javax.management.timer,javax.naming,javax.naming.directory,javax.naming.event,javax.naming.ldap,javax.naming.spi,javax.net,javax.net.ssl,javax.print,javax.print.attribute,javax.print.attribute.standard,javax.print.event,javax.rmi,javax.rmi.CORBA,javax.rmi.ssl,javax.script,javax.security.auth,javax.security.auth.callback,javax.security.auth.kerberos,javax.security.auth.login,javax.security.auth.spi,javax.security.auth.x500,javax.security.cert,javax.security.sasl,javax.sound.midi,javax.sound.midi.spi,javax.sound.sampled,javax.sound.sampled.spi,javax.sql,javax.sql.rowset,javax.sql.rowset.serial,javax.sql.rowset.spi,javax.swing,javax.swing.border,javax.swing.colorchooser,javax.swing.event,javax.swing.filechooser,javax.swing.plaf,javax.swing.plaf.basic,javax.swing.plaf.metal,javax.swing.plaf.multi,javax.swing.plaf.nimbus,javax.swing.plaf.synth,javax.swing.table,javax.swing.text,javax.swing.text.html,javax.swing.text.html.parser,javax.swing.text.rtf,javax.swing.tree,javax.swing.undo,javax.tools,javax.transaction,javax.transaction.xa,javax.xml,javax.xml.bind,javax.xml.bind.annotation,javax.xml.bind.annotation.adapters,javax.xml.bind.attachment,javax.xml.bind.helpers,javax.xml.bind.util,javax.xml.crypto,javax.xml.crypto.dom,javax.xml.crypto.dsig,javax.xml.crypto.dsig.dom,javax.xml.crypto.dsig.keyinfo,javax.xml.crypto.dsig.spec,javax.xml.datatype,javax.xml.namespace,javax.xml.parsers,javax.xml.soap,javax.xml.stream,javax.xml.stream.events,javax.xml.stream.util,javax.xml.transform,javax.xml.transform.dom,javax.xml.transform.sax,javax.xml.transform.stax,javax.xml.transform.stream,javax.xml.validation,javax.xml.ws,javax.xml.ws.handler,javax.xml.ws.handler.soap,javax.xml.ws.http,javax.xml.ws.soap,javax.xml.ws.spi,javax.xml.ws.spi.http,javax.xml.ws.wsaddressing,javax.xml.xpath,org.ietf.jgss,org.omg.CORBA,org.omg.CORBA_2_3,org.omg.CORBA_2_3.portable,org.omg.CORBA.DynAnyPackage,org.omg.CORBA.ORBPackage,org.omg.CORBA.portable,org.omg.CORBA.TypeCodePackage,org.omg.CosNaming,org.omg.CosNaming.NamingContextExtPackage,org.omg.CosNaming.NamingContextPackage,org.omg.Dynamic,org.omg.DynamicAny,org.omg.DynamicAny.DynAnyFactoryPackage,org.omg.DynamicAny.DynAnyPackage,org.omg.IOP,org.omg.IOP.CodecFactoryPackage,org.omg.IOP.CodecPackage,org.omg.Messaging,org.omg.PortableInterceptor,org.omg.PortableInterceptor.ORBInitInfoPackage,org.omg.PortableServer,org.omg.PortableServer.CurrentPackage,org.omg.PortableServer.POAManagerPackage,org.omg.PortableServer.POAPackage,org.omg.PortableServer.portable,org.omg.PortableServer.ServantLocatorPackage,org.omg.SendingContext,org.omg.stub.java.rmi,org.w3c.dom,org.w3c.dom.bootstrap,org.w3c.dom.css,org.w3c.dom.events,org.w3c.dom.html,org.w3c.dom.ls,org.w3c.dom.ranges,org.w3c.dom.stylesheets,org.w3c.dom.traversal,org.w3c.dom.views,org.w3c.dom.xpath,org.xml.sax,org.xml.sax.ext,org.xml.sax.helpers
    eclipse.launcher = /home/ds/rails/tool/neoclipse1.7/neoclipse
    eclipse.launcher.name = Neoclipse
    org.osgi.framework.language = en
    user.language = en
    org.osgi.framework.processor = x86-64
    osgi.syspath = /home/ds/rails/tool/neoclipse1.7/plugins
    sun.boot.library.path = /usr/lib/jvm/java-7-openjdk-amd64/jre/lib/amd64
    org.osgi.framework.system.capabilities = osgi.ee; osgi.ee="OSGi/Minimum"; version:List<Version>="1.0, 1.1, 1.2",osgi.ee; osgi.ee="JavaSE"; version:List<Version>="1.0, 1.1, 1.2, 1.3, 1.4, 1.5, 1.6, 1.7"
    osgi.manifest.cache = /home/ds/rails/tool/neoclipse1.7/configuration/org.eclipse.osgi/manifests
    org.osgi.framework.os.name = Linux
    user.timezone = Europe/Kiev
    sun.arch.data.model = 64
    osgi.bundles = reference:file:com.ibm.icu_4.4.2.v20110208.jar@4,reference:file:javax.activation_1.1.0.v201108011116.jar@4,reference:file:javax.servlet_2.5.0.v201103041518.jar@4,reference:file:javax.servlet.jsp_2.0.0.v201101211617.jar@4,reference:file:javax.xml_1.3.4.v201005080400.jar@4,reference:file:org.apache.ant_1.8.2.v20110505-1300/@4,reference:file:org.apache.commons.el_1.0.0.v201101211617.jar@4,reference:file:org.apache.commons.logging_1.0.4.v201101211617.jar@4,reference:file:org.apache.jasper_5.5.17.v201101211617.jar@4,reference:file:org.apache.lucene_2.9.1.v201101211721.jar@4,reference:file:org.apache.lucene.analysis_2.9.1.v201101211721.jar@4,reference:file:org.apache.lucene.core_2.9.1.v201101211721.jar@4,reference:file:org.apache.lucene.highlighter_2.9.1.v20100421-0704.jar@4,reference:file:org.apache.lucene.memory_2.9.1.v20100421-0704.jar@4,reference:file:org.apache.lucene.misc_2.9.1.v20100421-0704.jar@4,reference:file:org.apache.lucene.queries_2.9.1.v20100421-0704.jar@4,reference:file:org.apache.lucene.snowball_2.9.1.v20100421-0704.jar@4,reference:file:org.apache.lucene.spellchecker_2.9.1.v20100421-0704.jar@4,reference:file:org.apache.xerces_2.9.0.v201101211617.jar@4,reference:file:org.apache.xml.resolver_1.2.0.v201005080400.jar@4,reference:file:org.apache.xml.serializer_2.7.1.v201005080400.jar@4,reference:file:org.eclipse.ant.core_3.2.300.v20110511.jar@4,reference:file:org.eclipse.compare_3.5.201.R37x_v20110817-0800.jar@4,reference:file:org.eclipse.compare.core_3.5.200.I20110208-0800.jar@4,reference:file:org.eclipse.core.commands_3.6.0.I20110111-0800.jar@4,reference:file:org.eclipse.core.contenttype_3.4.100.v20110423-0524.jar@4,reference:file:org.eclipse.core.databinding_1.4.0.I20110111-0800.jar@4,reference:file:org.eclipse.core.databinding.observable_1.4.0.I20110222-0800.jar@4,reference:file:org.eclipse.core.databinding.property_1.4.0.I20110222-0800.jar@4,reference:file:org.eclipse.core.expressions_3.4.300.v20110228.jar@4,reference:file:org.eclipse.core.filebuffers_3.5.200.v20110505-0800.jar@4,reference:file:org.eclipse.core.filesystem_1.3.100.v20110423-0524.jar@4,reference:file:org.eclipse.core.filesystem.linux.x86_64_1.2.0.v20110423-0524.jar@4,reference:file:org.eclipse.core.jobs_3.5.100.v20110404.jar@4,reference:file:org.eclipse.core.net_1.2.100.I20110511-0800.jar@4,reference:file:org.eclipse.core.net.linux.x86_64_1.1.0.I20110331-0827.jar@4,reference:file:org.eclipse.core.resources_3.7.100.v20110510-0712.jar@4,reference:file:org.eclipse.core.runtime_3.7.0.v20110110.jar@4:start,reference:file:org.eclipse.core.runtime.compatibility_3.2.100.v20100505.jar@4,reference:file:org.eclipse.core.runtime.compatibility.auth_3.2.200.v20110110.jar@4,reference:file:org.eclipse.core.runtime.compatibility.registry_3.5.0.v20110505/@4,reference:file:org.eclipse.core.variables_3.2.500.v20110511.jar@4,reference:file:org.eclipse.draw2d_3.7.1.v20110830-1143.jar@4,reference:file:org.eclipse.emf.common_2.7.0.v20110912-0920.jar@4,reference:file:org.eclipse.emf.ecore_2.7.0.v20110912-0920.jar@4,reference:file:org.eclipse.emf.ecore.change_2.7.1.v20110829-1916.jar@4,reference:file:org.eclipse.emf.ecore.edit_2.7.0.v20110913-1156.jar@4,reference:file:org.eclipse.emf.ecore.xmi_2.7.0.v20110520-1406.jar@4,reference:file:org.eclipse.emf.edit_2.7.1.v20110913-1526.jar@4,reference:file:org.eclipse.equinox.app_1.3.100.v20110321.jar@4,reference:file:org.eclipse.equinox.common_3.6.0.v20110523.jar@2:start,reference:file:org.eclipse.equinox.http.jetty_2.0.100.v20110502.jar@4,reference:file:org.eclipse.equinox.http.registry_1.1.100.v20110502.jar@4,reference:file:org.eclipse.equinox.http.servlet_1.1.200.v20110502.jar@4,reference:file:org.eclipse.equinox.jsp.jasper_1.0.300.v20110502.jar@4,reference:file:org.eclipse.equinox.jsp.jasper.registry_1.0.200.v20100503.jar@4,reference:file:org.eclipse.equinox.launcher_1.2.0.v20110502.jar@4,reference:file:org.eclipse.equinox.launcher.gtk.linux.x86_64_1.1.100.v20110505/@4,reference:file:org.eclipse.equinox.p2.core_2.1.0.v20110502-1955.jar@4,reference:file:org.eclipse.equinox.p2.engine_2.1.0.v20110511.jar@4,reference:file:org.eclipse.equinox.p2.metadata_2.1.0.v20110510.jar@4,reference:file:org.eclipse.equinox.p2.metadata.repository_1.2.0.v20110511-1359.jar@4,reference:file:org.eclipse.equinox.p2.repository_2.1.0.v20110601.jar@4,reference:file:org.eclipse.equinox.preferences_3.4.1.R37x_v20110725.jar@4,reference:file:org.eclipse.equinox.registry_3.5.101.R37x_v20110810-1611.jar@4,reference:file:org.eclipse.equinox.security_1.1.1.R37x_v20110822-1018.jar@4,reference:file:org.eclipse.gef_3.7.1.v20110830-1143.jar@4,reference:file:org.eclipse.help_3.5.100.v20110426.jar@4,reference:file:org.eclipse.help.appserver_3.1.400.v20110425.jar@4,reference:file:org.eclipse.help.base_3.6.1.v201109091335.jar@4,reference:file:org.eclipse.help.ui_3.5.101.r37_20110819.jar@4,reference:file:org.eclipse.help.webapp_3.6.0.v20110518.jar@4,reference:file:org.eclipse.jem.util_2.1.100.v201103021400.jar@4,reference:file:org.eclipse.jface_3.7.0.I20110522-1430.jar@4,reference:file:org.eclipse.jface.databinding_1.5.0.I20100907-0800.jar@4,reference:file:org.eclipse.jface.text_3.7.1.r371_v20110825-0800.jar@4,reference:file:org.eclipse.ltk.core.refactoring_3.5.201.r371_v20110824-0800.jar@4,reference:file:org.eclipse.ltk.ui.refactoring_3.6.0.v20110505-0800.jar@4,reference:file:org.eclipse.osgi.services_3.3.0.v20110513.jar@4,reference:file:org.eclipse.osgi.util_3.2.200.v20110110.jar@4,reference:file:org.eclipse.platform_3.7.1.v201109091335/@4,reference:file:org.eclipse.search_3.7.0.v20110505-0800.jar@4,reference:file:org.eclipse.swt_3.7.1.v3738a.jar@4,reference:file:org.eclipse.swt.gtk.linux.x86_64_3.7.1.v3738a.jar@4,reference:file:org.eclipse.team.core_3.6.0.I20110525-0800.jar@4,reference:file:org.eclipse.team.ui_3.6.100.I20110525-0800.jar@4,reference:file:org.eclipse.text_3.5.101.r371_v20110810-0800.jar@4,reference:file:org.eclipse.ui_3.7.0.I20110602-0100.jar@4,reference:file:org.eclipse.ui.cheatsheets_3.4.100.v20110425.jar@4,reference:file:org.eclipse.ui.console_3.5.100.v20110511.jar@4,reference:file:org.eclipse.ui.editors_3.7.0.v20110517-0800.jar@4,reference:file:org.eclipse.ui.forms_3.5.100.v20110425.jar@4,reference:file:org.eclipse.ui.ide_3.7.0.v20110809-1737.jar@4,reference:file:org.eclipse.ui.ide.application_1.0.300.I20110306-2000.jar@4,reference:file:org.eclipse.ui.intro_3.4.100.v20110425.jar@4,reference:file:org.eclipse.ui.intro.universal_3.2.500.v20110510/@4,reference:file:org.eclipse.ui.navigator_3.5.100.v20110809-2227.jar@4,reference:file:org.eclipse.ui.navigator.resources_3.4.300.I20110421-1800.jar@4,reference:file:org.eclipse.ui.views_3.6.0.I20110412-0800.jar@4,reference:file:org.eclipse.ui.views.properties.tabbed_3.5.200.I20110201-0800.jar@4,reference:file:org.eclipse.ui.workbench_3.7.0.I20110519-0100.jar@4,reference:file:org.eclipse.ui.workbench.texteditor_3.7.0.v20110505-0800.jar@4,reference:file:org.eclipse.update.configurator_3.3.100.v20100512.jar@4,reference:file:org.eclipse.update.core_3.2.500.v20110330.jar@4,reference:file:org.eclipse.update.ui_3.2.300.v20100512.jar@4,reference:file:org.eclipse.wst.common.core_1.2.0.v200908252030.jar@4,reference:file:org.eclipse.wst.common.emf_1.2.100.v201101101900.jar@4,reference:file:org.eclipse.wst.common.emfworkbench.integration_1.2.101.v201107140600.jar@4,reference:file:org.eclipse.wst.common.environment_1.0.400.v200912181832.jar@4,reference:file:org.eclipse.wst.common.frameworks_1.2.101.v201107192200.jar@4,reference:file:org.eclipse.wst.common.project.facet.core_1.4.200.v201103170332.jar@4,reference:file:org.eclipse.wst.common.uriresolver_1.1.401.v201004280700.jar@4,reference:file:org.eclipse.wst.sse.core_1.1.601.v201108151912.jar@4,reference:file:org.eclipse.wst.validation_1.2.302.v201107140600.jar@4,reference:file:org.eclipse.wst.xml.core_1.1.601.v201108302147.jar@4,reference:file:org.eclipse.wst.xsd.core_1.1.600.v201104070312.jar@4,reference:file:org.eclipse.xsd_2.7.0.v20110606-0949.jar@4,reference:file:org.eclipse.zest.core_1.3.0.v20110221-2050.jar@4,reference:file:org.eclipse.zest.layouts_1.1.0.v20110425-2050.jar@4,reference:file:org.hamcrest.core_1.1.0.v20090501071000.jar@4,reference:file:org.junit_4.8.2.v4_8_2_v20110321-1705/@4,reference:file:org.junit4_4.8.1.v20100525/@4,reference:file:org.mortbay.jetty.server_6.1.23.v201012071420.jar@4,reference:file:org.mortbay.jetty.util_6.1.23.v201012071420.jar@4,reference:file:org.neo4j.neoclipse_1.6.0.jar@4,reference:file:org.neo4j.neoclipse.doc_1.6.0.jar@4
    osgi.tracefile = /home/ds/rails/tool/neoclipse1.7/neoclipse-workspace/.metadata/trace.log
    sun.cpu.isalist = 
    sun.jnu.encoding = UTF-8
    eclipse.application = org.neo4j.neoclipse.application
    file.encoding.pkg = sun.io
    org.osgi.framework.vendor = Eclipse
    file.separator = /
    user.country = US
    org.eclipse.equinox.launcher.splash.location = /home/ds/rails/tool/neoclipse1.7/configuration/org.eclipse.equinox.launcher/org.neo4j.neoclipse_1.6.0/splash.bmp
    osgi.os = linux
    eclipse.commands = -os
linux
-ws
gtk
-arch
x86_64
-showsplash
-launcher
/home/ds/rails/tool/neoclipse1.7/neoclipse
-name
Neoclipse
--launcher.library
/home/ds/rails/tool/neoclipse1.7//plugins/org.eclipse.equinox.launcher.gtk.linux.x86_64_1.1.100.v20110505/eclipse_1407.so
-startup
/home/ds/rails/tool/neoclipse1.7//plugins/org.eclipse.equinox.launcher_1.2.0.v20110502.jar
--launcher.overrideVmargs
-exitdata
278001d
-data
@noDefault
-vm
/usr/bin/java

    osgi.splashLocation = /home/ds/rails/tool/neoclipse1.7/configuration/org.eclipse.equinox.launcher/org.neo4j.neoclipse_1.6.0/splash.bmp
    osgi.arch = x86_64
    path.separator = :
    org.osgi.supports.framework.fragment = true
    osgi.framework.shape = jar
    sun.io.unicode.encoding = UnicodeLittle
    org.osgi.framework.version = 1.6.0
    awt.toolkit = sun.awt.X11.XToolkit
    osgi.install.area = file:/home/ds/rails/tool/neoclipse1.7/
    osgi.framework = file:/home/ds/rails/tool/neoclipse1.7/plugins/org.eclipse.osgi_3.7.1.R37x_v20110808-1106.jar
    user.home = /home/ds
    osgi.bundlestore = /home/ds/rails/tool/neoclipse1.7/configuration/org.eclipse.osgi/bundles
    osgi.splashPath = platform:/base/plugins/org.neo4j.neoclipse
    osgi.nl = en_US
    org.osgi.framework.os.version = 3.5.0
    eclipse.startTime = 1384266949930
    eclipse.p2.data.area = @config.dir/../p2
    sun.java.command = /home/ds/rails/tool/neoclipse1.7//plugins/org.eclipse.equinox.launcher_1.2.0.v20110502.jar -os linux -ws gtk -arch x86_64 -showsplash -launcher /home/ds/rails/tool/neoclipse1.7/neoclipse -name Neoclipse --launcher.library /home/ds/rails/tool/neoclipse1.7//plugins/org.eclipse.equinox.launcher.gtk.linux.x86_64_1.1.100.v20110505/eclipse_1407.so -startup /home/ds/rails/tool/neoclipse1.7//plugins/org.eclipse.equinox.launcher_1.2.0.v20110502.jar --launcher.overrideVmargs -exitdata 278001d -data @noDefault -vm /usr/bin/java -vmargs -jar /home/ds/rails/tool/neoclipse1.7//plugins/org.eclipse.equinox.launcher_1.2.0.v20110502.jar
    org.eclipse.update.reconcile = false
    eclipse.vm = /usr/bin/java
    sun.cpu.endian = little
    sun.os.patch.level = unknown
    eclipse.product = org.neo4j.neoclipse.neoclipseProduct
    eclipse.home.location = file:/home/ds/rails/tool/neoclipse1.7/
    user.dir = /home/ds/rails/tool/neoclipse1.7
    org.osgi.supports.framework.requirebundle = true
    file.encoding = UTF-8
    osgi.framework.version = 3.7.1.R37x_v20110808-1106
    eclipse.vmargs = -jar
/home/ds/rails/tool/neoclipse1.7//plugins/org.eclipse.equinox.launcher_1.2.0.v20110502.jar

    org.osgi.framework.executionenvironment = OSGi/Minimum-1.0,OSGi/Minimum-1.1,OSGi/Minimum-1.2,JRE-1.1,J2SE-1.2,J2SE-1.3,J2SE-1.4,J2SE-1.5,JavaSE-1.6,JavaSE-1.7
    osgi.logfile = /home/ds/rails/tool/neoclipse1.7/neoclipse-workspace/.metadata/.log
    osgi.configuration.area = file:/home/ds/rails/tool/neoclipse1.7/configuration/
2013-11-12 14:36:40.141+0000: Linux scheduler information:
    noop [deadline] cfq 
    noop [deadline] cfq 
    noop [deadline] cfq 
    none
    none
    none
    none
    none
    none
    none
    none
    none
    none
    none
    none
    none
    none
    none
    none
    none
    none
    none
    none
    none
    none
    none
    none
2013-11-12 14:36:40.162+0000: --- STARTUP diagnostics END ---
2013-11-12 14:36:40.454+0000: Extension org.neo4j.kernel.KernelExtension[kernel jmx] loaded ok
2013-11-12 14:36:40.469+0000: Extension org.neo4j.kernel.KernelExtension[kernel udc] loaded ok
2013-11-12 14:36:40.474+0000: --- STARTUP diagnostics for KernelDiagnostics:Versions START ---
2013-11-12 14:36:40.475+0000: Graph Database: org.neo4j.kernel.EmbeddedGraphDatabase StoreId[time:1384258309023, id:8158407884626953923, store version: 13561656364791302]
2013-11-12 14:36:40.475+0000: Kernel version: Neo4j - Graph Database Kernel 1.7
2013-11-12 14:36:40.475+0000: Neo4j component versions:
2013-11-12 14:36:40.480+0000:   Neo4j - Graph Database Kernel 1.7
2013-11-12 14:36:40.481+0000: --- STARTUP diagnostics for KernelDiagnostics:Versions END ---
2013-11-12 14:36:40.490+0000: --- STARTUP diagnostics for NEO_STORE_VERSIONS START ---
2013-11-12 14:36:40.491+0000: Store versions:
    Store versions:
      NeoStore v0.A.0
      NodeStore v0.A.0
      RelationshipStore v0.A.0
      RelationshipTypeStore v0.A.0
      PropertyStore v0.A.0
      PropertyIndexStore v0.A.0
      StringPropertyStore v0.A.0
      ArrayPropertyStore v0.A.0
2013-11-12 14:36:40.491+0000: --- STARTUP diagnostics for NEO_STORE_VERSIONS END ---
2013-11-12 14:36:40.492+0000: --- STARTUP diagnostics for NEO_STORE_ID_USAGE START ---
2013-11-12 14:36:40.492+0000: Id usage:
    Id usage:
      NodeStore: used=13 high=12
      RelationshipStore: used=25 high=24
      RelationshipTypeStore: used=8 high=7
      PropertyStore: used=25 high=24
      PropertyIndexStore: used=4 high=3
      StringPropertyStore: used=1 high=0
      ArrayPropertyStore: used=1 high=0
2013-11-12 14:36:40.494+0000: --- STARTUP diagnostics for NEO_STORE_ID_USAGE END ---
2013-11-12 14:36:40.494+0000: --- STARTUP diagnostics for KernelDiagnostics:StoreFiles START ---
2013-11-12 14:36:40.494+0000: Storage files:
    neostore.propertystore.db.id: 9.00 B
    neostore.propertystore.db.index.keys: 1.00 kB
    neostore.propertystore.db.strings: 128.00 B
    neostore.propertystore.db.index.id: 9.00 B
    neostore.nodestore.db: 117.00 B
    nioneo_logical.log.v0: 11.75 kB
    neostore.relationshiptypestore.db: 40.00 B
    neostore.relationshipstore.db.id: 9.00 B
    neostore.relationshipstore.db: 825.00 B
    neostore.propertystore.db.index.keys.id: 9.00 B
    store_lock: 0.00 B
    tm_tx_log.1: 0.00 B
    active_tx_log: 11.00 B
    index:
      lucene.log.1: 16.00 B
      lucene.log.active: 4.00 B
      lucene:
        relationship:
          Neo4j_Rails_Relationship_exact:
            _b.tis: 62.00 B
            _b.nrm: 8.00 B
            segments_1: 500.00 B
            _a.fdx: 100.00 B
            _b.fnm: 56.00 B
            _a.fnm: 56.00 B
            _b.frq: 4.00 B
            _a.tii: 35.00 B
            _b.fdt: 31.00 B
            _a.frq: 48.00 B
            _b.prx: 4.00 B
            _a.fdt: 478.00 B
            _b.tii: 35.00 B
            _a.prx: 48.00 B
            _a.tis: 250.00 B
            _a.nrm: 52.00 B
            _b.fdx: 12.00 B
            segments.gen: 20.00 B
          - Total: 1.76 kB
          Incompany_exact:
            _2.tii: 35.00 B
            _4.tii: 35.00 B
            _4.nrm: 9.00 B
            _1.fnm: 61.00 B
            segments_1: 892.00 B
            _0.fdx: 12.00 B
            _4.tis: 81.00 B
            _4.fnm: 61.00 B
            _0.nrm: 9.00 B
            _2.frq: 5.00 B
            _1.tis: 81.00 B
            _1.tii: 35.00 B
            _2.fnm: 61.00 B
            _0.tis: 79.00 B
            _4.frq: 5.00 B
            _0.tii: 35.00 B
            _0.frq: 5.00 B
            _0.prx: 5.00 B
            _2.fdt: 46.00 B
            _4.fdx: 12.00 B
            _2.nrm: 9.00 B
            _1.fdt: 47.00 B
            _1.frq: 5.00 B
            _1.prx: 5.00 B
            _2.fdx: 12.00 B
            _4.fdt: 47.00 B
            _0.fnm: 61.00 B
            _2.tis: 80.00 B
            _4.prx: 5.00 B
            segments.gen: 20.00 B
            _1.fdx: 12.00 B
            _2.prx: 5.00 B
            _1.nrm: 9.00 B
            _0.fdt: 45.00 B
          - Total: 1.88 kB
        - Total: 3.64 kB
        node:
          Company_exact:
            _1.fnm: 18.00 B
            segments_1: 462.00 B
            _0.fdx: 12.00 B
            _0.nrm: 6.00 B
            _1.tis: 45.00 B
            _1.tii: 35.00 B
            _0.tis: 44.00 B
            _0.tii: 35.00 B
            _0.frq: 2.00 B
            _0.prx: 2.00 B
            _1.fdt: 20.00 B
            _1.frq: 2.00 B
            _1.prx: 2.00 B
            _0.fnm: 18.00 B
            segments.gen: 20.00 B
            _1.fdx: 12.00 B
            _1.nrm: 6.00 B
            _0.fdt: 19.00 B
          - Total: 760.00 B
          Face_exact:
            _2.tii: 35.00 B
            _3.prx: 2.00 B
            _3.tis: 50.00 B
            _3.tii: 35.00 B
            _1.fnm: 18.00 B
            segments_1: 892.00 B
            _0.fdx: 12.00 B
            _0.nrm: 6.00 B
            _2.frq: 2.00 B
            _1.tis: 51.00 B
            _3.fdx: 12.00 B
            _1.tii: 35.00 B
            _2.fnm: 18.00 B
            _0.tis: 50.00 B
            _0.tii: 35.00 B
            _0.frq: 2.00 B
            _3.nrm: 6.00 B
            _0.prx: 2.00 B
            _2.fdt: 27.00 B
            _3.fdt: 25.00 B
            _2.nrm: 6.00 B
            _1.fdt: 26.00 B
            _1.frq: 2.00 B
            _1.prx: 2.00 B
            _2.fdx: 12.00 B
            _0.fnm: 18.00 B
            _3.fnm: 18.00 B
            _2.tis: 52.00 B
            segments.gen: 20.00 B
            _1.fdx: 12.00 B
            _2.prx: 2.00 B
            _1.nrm: 6.00 B
            _0.fdt: 25.00 B
            _3.frq: 2.00 B
          - Total: 1.48 kB
          Country_exact:
            _2.tii: 35.00 B
            _1.fnm: 18.00 B
            segments_1: 677.00 B
            _0.fdx: 12.00 B
            _0.nrm: 6.00 B
            _2.frq: 2.00 B
            _1.tis: 43.00 B
            _1.tii: 35.00 B
            _2.fnm: 18.00 B
            _0.tis: 51.00 B
            _0.tii: 35.00 B
            _0.frq: 2.00 B
            _0.prx: 2.00 B
            _2.fdt: 19.00 B
            _2.nrm: 6.00 B
            _1.fdt: 18.00 B
            _1.frq: 2.00 B
            _1.prx: 2.00 B
            _2.fdx: 12.00 B
            _0.fnm: 18.00 B
            _2.tis: 44.00 B
            segments.gen: 20.00 B
            _1.fdx: 12.00 B
            _2.prx: 2.00 B
            _1.nrm: 6.00 B
            _0.fdt: 26.00 B
          - Total: 1.10 kB
        - Total: 3.32 kB
      - Total: 6.96 kB
      lucene.log.v0: 6.79 kB
      lucene-store.db: 40.00 B
    - Total: 13.81 kB
    neostore.propertystore.db.arrays: 128.00 B
    rrd: 1.93 MB
    neostore.propertystore.db.strings.id: 9.00 B
    neostore.propertystore.db.arrays.id: 9.00 B
    neostore.nodestore.db.id: 9.00 B
    index.db: 535.00 B
    lock: 0.00 B
    neostore.propertystore.db.index: 1.02 kB
    nioneo_logical.log.active: 4.00 B
    neostore.id: 9.00 B
    nioneo_logical.log.1: 16.00 B
    neostore.propertystore.db: 1.00 kB
    messages.log: 53.98 kB
    neostore.relationshiptypestore.db.names.id: 9.00 B
    neostore.relationshiptypestore.db.names: 342.00 B
    neostore.relationshiptypestore.db.id: 9.00 B
    neostore: 54.00 B
